1761226481.384976 client started (172079): version 3.4, socket /tmp/tmux-1000/default, protocol 8
1761226481.385009 on Linux 6.14.0-1011-aws #11~24.04.1-Ubuntu SMP Fri Aug  1 02:07:25 UTC 2025
1761226481.385012 using libevent 2.1.12-stable poll
1761226481.385015 using ncurses 6.4 20240113
1761226481.385031 flags are 0x18010000
1761226481.385040 socket is /tmp/tmux-1000/default
1761226481.385051 trying connect
1761226481.385064 connect failed: No such file or directory
1761226481.385072 lock file is /tmp/tmux-1000/default.lock
1761226481.385088 flock succeeded
1761226481.385090 got lock (6)
1761226481.385094 trying connect
1761226481.385098 connect failed: No such file or directory
1761226481.385437 add peer 0x55b171aa4fc0: 7 ((nil))
1761226481.385845 sending message 100 to peer 0x55b171aa4fc0 (4 bytes)
1761226481.385850 sending message 111 to peer 0x55b171aa4fc0 (8 bytes)
1761226481.385853 sending message 101 to peer 0x55b171aa4fc0 (6 bytes)
1761226481.385855 sending message 109 to peer 0x55b171aa4fc0 (4 bytes)
1761226481.385857 sending message 102 to peer 0x55b171aa4fc0 (11 bytes)
1761226481.385859 sending message 108 to peer 0x55b171aa4fc0 (24 bytes)
1761226481.385861 sending message 112 to peer 0x55b171aa4fc0 (58 bytes)
1761226481.385863 sending message 112 to peer 0x55b171aa4fc0 (5 bytes)
1761226481.385865 sending message 112 to peer 0x55b171aa4fc0 (5 bytes)
1761226481.385868 sending message 112 to peer 0x55b171aa4fc0 (6 bytes)
1761226481.385870 sending message 112 to peer 0x55b171aa4fc0 (6 bytes)
1761226481.385872 sending message 112 to peer 0x55b171aa4fc0 (11 bytes)
1761226481.385874 sending message 112 to peer 0x55b171aa4fc0 (10 bytes)
1761226481.385876 sending message 112 to peer 0x55b171aa4fc0 (13 bytes)
1761226481.385878 sending message 112 to peer 0x55b171aa4fc0 (14 bytes)
1761226481.385880 sending message 112 to peer 0x55b171aa4fc0 (19 bytes)
1761226481.385882 sending message 112 to peer 0x55b171aa4fc0 (9 bytes)
1761226481.385883 sending message 112 to peer 0x55b171aa4fc0 (10 bytes)
1761226481.385885 sending message 112 to peer 0x55b171aa4fc0 (15 bytes)
1761226481.385887 sending message 112 to peer 0x55b171aa4fc0 (21 bytes)
1761226481.385889 sending message 112 to peer 0x55b171aa4fc0 (13 bytes)
1761226481.385891 sending message 112 to peer 0x55b171aa4fc0 (7 bytes)
1761226481.385899 sending message 112 to peer 0x55b171aa4fc0 (13 bytes)
1761226481.385904 sending message 112 to peer 0x55b171aa4fc0 (7 bytes)
1761226481.385906 sending message 112 to peer 0x55b171aa4fc0 (13 bytes)
1761226481.385908 sending message 112 to peer 0x55b171aa4fc0 (9 bytes)
1761226481.385910 sending message 112 to peer 0x55b171aa4fc0 (21 bytes)
1761226481.385912 sending message 112 to peer 0x55b171aa4fc0 (13 bytes)
1761226481.385914 sending message 112 to peer 0x55b171aa4fc0 (9 bytes)
1761226481.385916 sending message 112 to peer 0x55b171aa4fc0 (16 bytes)
1761226481.385917 sending message 112 to peer 0x55b171aa4fc0 (13 bytes)
1761226481.385920 sending message 112 to peer 0x55b171aa4fc0 (9 bytes)
1761226481.385922 sending message 112 to peer 0x55b171aa4fc0 (9 bytes)
1761226481.385924 sending message 112 to peer 0x55b171aa4fc0 (12 bytes)
1761226481.385926 sending message 112 to peer 0x55b171aa4fc0 (8 bytes)
1761226481.385928 sending message 112 to peer 0x55b171aa4fc0 (8 bytes)
1761226481.385930 sending message 112 to peer 0x55b171aa4fc0 (13 bytes)
1761226481.385932 sending message 112 to peer 0x55b171aa4fc0 (7 bytes)
1761226481.385934 sending message 112 to peer 0x55b171aa4fc0 (7 bytes)
1761226481.385936 sending message 112 to peer 0x55b171aa4fc0 (9 bytes)
1761226481.385938 sending message 112 to peer 0x55b171aa4fc0 (9 bytes)
1761226481.385940 sending message 112 to peer 0x55b171aa4fc0 (15 bytes)
1761226481.385942 sending message 112 to peer 0x55b171aa4fc0 (13 bytes)
1761226481.385944 sending message 112 to peer 0x55b171aa4fc0 (12 bytes)
1761226481.385946 sending message 112 to peer 0x55b171aa4fc0 (8 bytes)
1761226481.385948 sending message 112 to peer 0x55b171aa4fc0 (14 bytes)
1761226481.385950 sending message 112 to peer 0x55b171aa4fc0 (11 bytes)
1761226481.385960 sending message 112 to peer 0x55b171aa4fc0 (9 bytes)
1761226481.385962 sending message 112 to peer 0x55b171aa4fc0 (10 bytes)
1761226481.385964 sending message 112 to peer 0x55b171aa4fc0 (10 bytes)
1761226481.385966 sending message 112 to peer 0x55b171aa4fc0 (10 bytes)
1761226481.385968 sending message 112 to peer 0x55b171aa4fc0 (10 bytes)
1761226481.385970 sending message 112 to peer 0x55b171aa4fc0 (11 bytes)
1761226481.385972 sending message 112 to peer 0x55b171aa4fc0 (12 bytes)
1761226481.385974 sending message 112 to peer 0x55b171aa4fc0 (12 bytes)
1761226481.385976 sending message 112 to peer 0x55b171aa4fc0 (12 bytes)
1761226481.385978 sending message 112 to peer 0x55b171aa4fc0 (12 bytes)
1761226481.385980 sending message 112 to peer 0x55b171aa4fc0 (12 bytes)
1761226481.385982 sending message 112 to peer 0x55b171aa4fc0 (11 bytes)
1761226481.385984 sending message 112 to peer 0x55b171aa4fc0 (11 bytes)
1761226481.385986 sending message 112 to peer 0x55b171aa4fc0 (12 bytes)
1761226481.385988 sending message 112 to peer 0x55b171aa4fc0 (12 bytes)
1761226481.385990 sending message 112 to peer 0x55b171aa4fc0 (12 bytes)
1761226481.385992 sending message 112 to peer 0x55b171aa4fc0 (12 bytes)
1761226481.385994 sending message 112 to peer 0x55b171aa4fc0 (12 bytes)
1761226481.385996 sending message 112 to peer 0x55b171aa4fc0 (9 bytes)
1761226481.385998 sending message 112 to peer 0x55b171aa4fc0 (12 bytes)
1761226481.386000 sending message 112 to peer 0x55b171aa4fc0 (13 bytes)
1761226481.386002 sending message 112 to peer 0x55b171aa4fc0 (13 bytes)
1761226481.386004 sending message 112 to peer 0x55b171aa4fc0 (13 bytes)
1761226481.386006 sending message 112 to peer 0x55b171aa4fc0 (13 bytes)
1761226481.386008 sending message 112 to peer 0x55b171aa4fc0 (13 bytes)
1761226481.386010 sending message 112 to peer 0x55b171aa4fc0 (8 bytes)
1761226481.386012 sending message 112 to peer 0x55b171aa4fc0 (11 bytes)
1761226481.386014 sending message 112 to peer 0x55b171aa4fc0 (11 bytes)
1761226481.386015 sending message 112 to peer 0x55b171aa4fc0 (11 bytes)
1761226481.386017 sending message 112 to peer 0x55b171aa4fc0 (12 bytes)
1761226481.386019 sending message 112 to peer 0x55b171aa4fc0 (12 bytes)
1761226481.386021 sending message 112 to peer 0x55b171aa4fc0 (12 bytes)
1761226481.386023 sending message 112 to peer 0x55b171aa4fc0 (12 bytes)
1761226481.386025 sending message 112 to peer 0x55b171aa4fc0 (13 bytes)
1761226481.386027 sending message 112 to peer 0x55b171aa4fc0 (13 bytes)
1761226481.386029 sending message 112 to peer 0x55b171aa4fc0 (13 bytes)
1761226481.386031 sending message 112 to peer 0x55b171aa4fc0 (8 bytes)
1761226481.386033 sending message 112 to peer 0x55b171aa4fc0 (13 bytes)
1761226481.386035 sending message 112 to peer 0x55b171aa4fc0 (13 bytes)
1761226481.386037 sending message 112 to peer 0x55b171aa4fc0 (13 bytes)
1761226481.386039 sending message 112 to peer 0x55b171aa4fc0 (13 bytes)
1761226481.386041 sending message 112 to peer 0x55b171aa4fc0 (13 bytes)
1761226481.386043 sending message 112 to peer 0x55b171aa4fc0 (12 bytes)
1761226481.386045 sending message 112 to peer 0x55b171aa4fc0 (12 bytes)
1761226481.386047 sending message 112 to peer 0x55b171aa4fc0 (12 bytes)
1761226481.386049 sending message 112 to peer 0x55b171aa4fc0 (12 bytes)
1761226481.386051 sending message 112 to peer 0x55b171aa4fc0 (13 bytes)
1761226481.386053 sending message 112 to peer 0x55b171aa4fc0 (8 bytes)
1761226481.386054 sending message 112 to peer 0x55b171aa4fc0 (13 bytes)
1761226481.386057 sending message 112 to peer 0x55b171aa4fc0 (13 bytes)
1761226481.386058 sending message 112 to peer 0x55b171aa4fc0 (13 bytes)
1761226481.386060 sending message 112 to peer 0x55b171aa4fc0 (13 bytes)
1761226481.386062 sending message 112 to peer 0x55b171aa4fc0 (13 bytes)
1761226481.386064 sending message 112 to peer 0x55b171aa4fc0 (13 bytes)
1761226481.386066 sending message 112 to peer 0x55b171aa4fc0 (13 bytes)
1761226481.386068 sending message 112 to peer 0x55b171aa4fc0 (12 bytes)
1761226481.386070 sending message 112 to peer 0x55b171aa4fc0 (12 bytes)
1761226481.386075 sending message 112 to peer 0x55b171aa4fc0 (12 bytes)
1761226481.386077 sending message 112 to peer 0x55b171aa4fc0 (8 bytes)
1761226481.386079 sending message 112 to peer 0x55b171aa4fc0 (12 bytes)
1761226481.386081 sending message 112 to peer 0x55b171aa4fc0 (13 bytes)
1761226481.386083 sending message 112 to peer 0x55b171aa4fc0 (13 bytes)
1761226481.386085 sending message 112 to peer 0x55b171aa4fc0 (13 bytes)
1761226481.386086 sending message 112 to peer 0x55b171aa4fc0 (13 bytes)
1761226481.386088 sending message 112 to peer 0x55b171aa4fc0 (13 bytes)
1761226481.386090 sending message 112 to peer 0x55b171aa4fc0 (13 bytes)
1761226481.386092 sending message 112 to peer 0x55b171aa4fc0 (13 bytes)
1761226481.386094 sending message 112 to peer 0x55b171aa4fc0 (13 bytes)
1761226481.386135 sending message 112 to peer 0x55b171aa4fc0 (12 bytes)
1761226481.386138 sending message 112 to peer 0x55b171aa4fc0 (10 bytes)
1761226481.386141 sending message 112 to peer 0x55b171aa4fc0 (12 bytes)
1761226481.386144 sending message 112 to peer 0x55b171aa4fc0 (12 bytes)
1761226481.386146 sending message 112 to peer 0x55b171aa4fc0 (12 bytes)
1761226481.386149 sending message 112 to peer 0x55b171aa4fc0 (13 bytes)
1761226481.386152 sending message 112 to peer 0x55b171aa4fc0 (13 bytes)
1761226481.386155 sending message 112 to peer 0x55b171aa4fc0 (13 bytes)
1761226481.386157 sending message 112 to peer 0x55b171aa4fc0 (13 bytes)
1761226481.386160 sending message 112 to peer 0x55b171aa4fc0 (13 bytes)
1761226481.386162 sending message 112 to peer 0x55b171aa4fc0 (13 bytes)
1761226481.386165 sending message 112 to peer 0x55b171aa4fc0 (13 bytes)
1761226481.386168 sending message 112 to peer 0x55b171aa4fc0 (10 bytes)
1761226481.386171 sending message 112 to peer 0x55b171aa4fc0 (13 bytes)
1761226481.386174 sending message 112 to peer 0x55b171aa4fc0 (12 bytes)
1761226481.386176 sending message 112 to peer 0x55b171aa4fc0 (12 bytes)
1761226481.386177 sending message 112 to peer 0x55b171aa4fc0 (12 bytes)
1761226481.386179 sending message 112 to peer 0x55b171aa4fc0 (10 bytes)
1761226481.386181 sending message 112 to peer 0x55b171aa4fc0 (10 bytes)
1761226481.386183 sending message 112 to peer 0x55b171aa4fc0 (10 bytes)
1761226481.386185 sending message 112 to peer 0x55b171aa4fc0 (12 bytes)
1761226481.386187 sending message 112 to peer 0x55b171aa4fc0 (13 bytes)
1761226481.386189 sending message 112 to peer 0x55b171aa4fc0 (13 bytes)
1761226481.386191 sending message 112 to peer 0x55b171aa4fc0 (13 bytes)
1761226481.386193 sending message 112 to peer 0x55b171aa4fc0 (13 bytes)
1761226481.386195 sending message 112 to peer 0x55b171aa4fc0 (13 bytes)
1761226481.386197 sending message 112 to peer 0x55b171aa4fc0 (10 bytes)
1761226481.386199 sending message 112 to peer 0x55b171aa4fc0 (11 bytes)
1761226481.386201 sending message 112 to peer 0x55b171aa4fc0 (12 bytes)
1761226481.386203 sending message 112 to peer 0x55b171aa4fc0 (12 bytes)
1761226481.386206 sending message 112 to peer 0x55b171aa4fc0 (12 bytes)
1761226481.386209 sending message 112 to peer 0x55b171aa4fc0 (12 bytes)
1761226481.386212 sending message 112 to peer 0x55b171aa4fc0 (12 bytes)
1761226481.386215 sending message 112 to peer 0x55b171aa4fc0 (11 bytes)
1761226481.386218 sending message 112 to peer 0x55b171aa4fc0 (12 bytes)
1761226481.386220 sending message 112 to peer 0x55b171aa4fc0 (12 bytes)
1761226481.386222 sending message 112 to peer 0x55b171aa4fc0 (13 bytes)
1761226481.386224 sending message 112 to peer 0x55b171aa4fc0 (13 bytes)
1761226481.386226 sending message 112 to peer 0x55b171aa4fc0 (13 bytes)
1761226481.386228 sending message 112 to peer 0x55b171aa4fc0 (13 bytes)
1761226481.386230 sending message 112 to peer 0x55b171aa4fc0 (13 bytes)
1761226481.386232 sending message 112 to peer 0x55b171aa4fc0 (10 bytes)
1761226481.386234 sending message 112 to peer 0x55b171aa4fc0 (9 bytes)
1761226481.386236 sending message 112 to peer 0x55b171aa4fc0 (12 bytes)
1761226481.386238 sending message 112 to peer 0x55b171aa4fc0 (13 bytes)
1761226481.386240 sending message 112 to peer 0x55b171aa4fc0 (13 bytes)
1761226481.386249 sending message 112 to peer 0x55b171aa4fc0 (13 bytes)
1761226481.386251 sending message 112 to peer 0x55b171aa4fc0 (13 bytes)
1761226481.386253 sending message 112 to peer 0x55b171aa4fc0 (13 bytes)
1761226481.386255 sending message 112 to peer 0x55b171aa4fc0 (9 bytes)
1761226481.386257 sending message 112 to peer 0x55b171aa4fc0 (12 bytes)
1761226481.386259 sending message 112 to peer 0x55b171aa4fc0 (13 bytes)
1761226481.386261 sending message 112 to peer 0x55b171aa4fc0 (13 bytes)
1761226481.386263 sending message 112 to peer 0x55b171aa4fc0 (13 bytes)
1761226481.386264 sending message 112 to peer 0x55b171aa4fc0 (13 bytes)
1761226481.386266 sending message 112 to peer 0x55b171aa4fc0 (13 bytes)
1761226481.386268 sending message 112 to peer 0x55b171aa4fc0 (11 bytes)
1761226481.386270 sending message 112 to peer 0x55b171aa4fc0 (12 bytes)
1761226481.386272 sending message 112 to peer 0x55b171aa4fc0 (13 bytes)
1761226481.386274 sending message 112 to peer 0x55b171aa4fc0 (13 bytes)
1761226481.386276 sending message 112 to peer 0x55b171aa4fc0 (13 bytes)
1761226481.386278 sending message 112 to peer 0x55b171aa4fc0 (13 bytes)
1761226481.386280 sending message 112 to peer 0x55b171aa4fc0 (13 bytes)
1761226481.386282 sending message 112 to peer 0x55b171aa4fc0 (11 bytes)
1761226481.386284 sending message 112 to peer 0x55b171aa4fc0 (12 bytes)
1761226481.386286 sending message 112 to peer 0x55b171aa4fc0 (12 bytes)
1761226481.386288 sending message 112 to peer 0x55b171aa4fc0 (12 bytes)
1761226481.386290 sending message 112 to peer 0x55b171aa4fc0 (12 bytes)
1761226481.386293 sending message 112 to peer 0x55b171aa4fc0 (12 bytes)
1761226481.386295 sending message 112 to peer 0x55b171aa4fc0 (21 bytes)
1761226481.386297 sending message 112 to peer 0x55b171aa4fc0 (12 bytes)
1761226481.386299 sending message 112 to peer 0x55b171aa4fc0 (9 bytes)
1761226481.386301 sending message 112 to peer 0x55b171aa4fc0 (6 bytes)
1761226481.386303 sending message 112 to peer 0x55b171aa4fc0 (13 bytes)
1761226481.386305 sending message 112 to peer 0x55b171aa4fc0 (10 bytes)
1761226481.386307 sending message 112 to peer 0x55b171aa4fc0 (24 bytes)
1761226481.386309 sending message 112 to peer 0x55b171aa4fc0 (13 bytes)
1761226481.386311 sending message 112 to peer 0x55b171aa4fc0 (9 bytes)
1761226481.386313 sending message 112 to peer 0x55b171aa4fc0 (16 bytes)
1761226481.386315 sending message 112 to peer 0x55b171aa4fc0 (16 bytes)
1761226481.386317 sending message 112 to peer 0x55b171aa4fc0 (12 bytes)
1761226481.386319 sending message 112 to peer 0x55b171aa4fc0 (10 bytes)
1761226481.386321 sending message 112 to peer 0x55b171aa4fc0 (10 bytes)
1761226481.386323 sending message 112 to peer 0x55b171aa4fc0 (24 bytes)
1761226481.386326 sending message 112 to peer 0x55b171aa4fc0 (13 bytes)
1761226481.386328 sending message 112 to peer 0x55b171aa4fc0 (10 bytes)
1761226481.386330 sending message 112 to peer 0x55b171aa4fc0 (10 bytes)
1761226481.386332 sending message 112 to peer 0x55b171aa4fc0 (10 bytes)
1761226481.386334 sending message 112 to peer 0x55b171aa4fc0 (13 bytes)
1761226481.386336 sending message 112 to peer 0x55b171aa4fc0 (15 bytes)
1761226481.386338 sending message 112 to peer 0x55b171aa4fc0 (5 bytes)
1761226481.386341 sending message 104 to peer 0x55b171aa4fc0 (0 bytes)
1761226481.386344 sending message 110 to peer 0x55b171aa4fc0 (0 bytes)
1761226481.386346 sending message 107 to peer 0x55b171aa4fc0 (4 bytes)
1761226481.386349 sending message 105 to peer 0x55b171aa4fc0 (16 bytes)
1761226481.386351 sending message 105 to peer 0x55b171aa4fc0 (28 bytes)
1761226481.386353 sending message 105 to peer 0x55b171aa4fc0 (15 bytes)
1761226481.386355 sending message 105 to peer 0x55b171aa4fc0 (21 bytes)
1761226481.386357 sending message 105 to peer 0x55b171aa4fc0 (18 bytes)
1761226481.386359 sending message 105 to peer 0x55b171aa4fc0 (13 bytes)
1761226481.386361 sending message 105 to peer 0x55b171aa4fc0 (1817 bytes)
1761226481.386371 sending message 105 to peer 0x55b171aa4fc0 (50 bytes)
1761226481.386373 sending message 105 to peer 0x55b171aa4fc0 (34 bytes)
1761226481.386378 sending message 105 to peer 0x55b171aa4fc0 (23 bytes)
1761226481.386380 sending message 105 to peer 0x55b171aa4fc0 (11 bytes)
1761226481.386382 sending message 105 to peer 0x55b171aa4fc0 (32 bytes)
1761226481.386384 sending message 105 to peer 0x55b171aa4fc0 (12 bytes)
1761226481.386386 sending message 105 to peer 0x55b171aa4fc0 (23 bytes)
1761226481.386388 sending message 105 to peer 0x55b171aa4fc0 (8 bytes)
1761226481.386390 sending message 105 to peer 0x55b171aa4fc0 (19 bytes)
1761226481.386392 sending message 105 to peer 0x55b171aa4fc0 (31 bytes)
1761226481.386394 sending message 105 to peer 0x55b171aa4fc0 (33 bytes)
1761226481.386396 sending message 105 to peer 0x55b171aa4fc0 (65 bytes)
1761226481.386398 sending message 105 to peer 0x55b171aa4fc0 (104 bytes)
1761226481.386400 sending message 105 to peer 0x55b171aa4fc0 (54 bytes)
1761226481.386402 sending message 105 to peer 0x55b171aa4fc0 (19 bytes)
1761226481.386404 sending message 105 to peer 0x55b171aa4fc0 (16 bytes)
1761226481.386406 sending message 105 to peer 0x55b171aa4fc0 (20 bytes)
1761226481.386408 sending message 106 to peer 0x55b171aa4fc0 (0 bytes)
1761226481.386447 sending message 200 to peer 0x55b171aa4fc0 (4 bytes)
1761226481.386449 client loop enter
1761226481.386463 client_signal: Child exited
1761226481.431979 peer 0x55b171aa4fc0 message 207
1761226481.431995 sending message 208 to peer 0x55b171aa4fc0 (0 bytes)
1761226511.820671 peer 0x55b171aa4fc0 message 203
1761226511.820684 sending message 205 to peer 0x55b171aa4fc0 (0 bytes)
1761226511.820968 peer 0x55b171aa4fc0 message 204
1761226511.820973 client loop exit
